<?xml version="1.0" encoding="UTF-8"?>
<testng-results ignored="0" total="4" passed="4" failed="0" skipped="0">
  <reporter-output>
  </reporter-output>
  <suite started-at="2025-01-04T09:28:46 IST" name="Default suite" finished-at="2025-01-04T09:29:30 IST" duration-ms="44179">
    <groups>
      <group name="cucumber">
        <method signature="AbstractTestNGCucumberTests.runScenario(io.cucumber.testng.PickleWrapper,io.cucumber.testng.FeatureWrapper)[pri:0, instance:runner.Runner@217ed35e]" name="runScenario" class="io.cucumber.testng.AbstractTestNGCucumberTests"/>
      </group> <!-- cucumber -->
    </groups>
    <test started-at="2025-01-04T09:28:46 IST" name="Default test" finished-at="2025-01-04T09:29:30 IST" duration-ms="44179">
      <class name="runner.Runner">
        <test-method is-config="true" signature="setUpClass(org.testng.ITestContext)[pri:0, instance:runner.Runner@217ed35e]" started-at="2025-01-04T09:28:46 IST" name="setUpClass" finished-at="2025-01-04T09:28:46 IST" duration-ms="478" status="PASS">
          <params>
            <param index="0">
              <value>
                <![CDATA[org.testng.TestRunner@77ab22be]]>
              </value>
            </param>
          </params>
          <reporter-output>
          </reporter-output>
        </test-method> <!-- setUpClass -->
        <test-method signature="runScenario(io.cucumber.testng.PickleWrapper,io.cucumber.testng.FeatureWrapper)[pri:0, instance:runner.Runner@217ed35e]" started-at="2025-01-04T09:28:46 IST" name="runScenario" description="Runs Cucumber Scenarios" data-provider="scenarios" finished-at="2025-01-04T09:28:58 IST" duration-ms="11507" status="PASS">
          <params>
            <param index="0">
              <value>
                <![CDATA["Add and remove an item"]]>
              </value>
            </param>
            <param index="1">
              <value>
                <![CDATA["Add To cart"]]>
              </value>
            </param>
          </params>
          <reporter-output>
          </reporter-output>
        </test-method> <!-- runScenario -->
        <test-method signature="runScenario(io.cucumber.testng.PickleWrapper,io.cucumber.testng.FeatureWrapper)[pri:0, instance:runner.Runner@217ed35e]" started-at="2025-01-04T09:28:58 IST" name="runScenario" description="Runs Cucumber Scenarios" data-provider="scenarios" finished-at="2025-01-04T09:29:08 IST" duration-ms="10489" status="PASS">
          <params>
            <param index="0">
              <value>
                <![CDATA["Add and remove an item"]]>
              </value>
            </param>
            <param index="1">
              <value>
                <![CDATA["Add To cart"]]>
              </value>
            </param>
          </params>
          <reporter-output>
          </reporter-output>
        </test-method> <!-- runScenario -->
        <test-method signature="runScenario(io.cucumber.testng.PickleWrapper,io.cucumber.testng.FeatureWrapper)[pri:0, instance:runner.Runner@217ed35e]" started-at="2025-01-04T09:29:08 IST" name="runScenario" description="Runs Cucumber Scenarios" data-provider="scenarios" finished-at="2025-01-04T09:29:19 IST" duration-ms="10461" status="PASS">
          <params>
            <param index="0">
              <value>
                <![CDATA["Add and remove an item"]]>
              </value>
            </param>
            <param index="1">
              <value>
                <![CDATA["Add To cart"]]>
              </value>
            </param>
          </params>
          <reporter-output>
          </reporter-output>
        </test-method> <!-- runScenario -->
        <test-method signature="runScenario(io.cucumber.testng.PickleWrapper,io.cucumber.testng.FeatureWrapper)[pri:0, instance:runner.Runner@217ed35e]" started-at="2025-01-04T09:29:19 IST" name="runScenario" description="Runs Cucumber Scenarios" data-provider="scenarios" finished-at="2025-01-04T09:29:30 IST" duration-ms="11161" status="PASS">
          <params>
            <param index="0">
              <value>
                <![CDATA["Add and remove an item"]]>
              </value>
            </param>
            <param index="1">
              <value>
                <![CDATA["Add To cart"]]>
              </value>
            </param>
          </params>
          <reporter-output>
          </reporter-output>
        </test-method> <!-- runScenario -->
        <test-method is-config="true" signature="tearDownClass()[pri:0, instance:runner.Runner@217ed35e]" started-at="2025-01-04T09:29:30 IST" name="tearDownClass" finished-at="2025-01-04T09:29:30 IST" duration-ms="31" status="PASS">
          <reporter-output>
          </reporter-output>
        </test-method> <!-- tearDownClass -->
      </class> <!-- runner.Runner -->
    </test> <!-- Default test -->
  </suite> <!-- Default suite -->
</testng-results>
